Assuming unrestricted shared filesystem usage.
host: PCA100196
Building DAG of jobs...
Using shell: /usr/bin/bash
Provided cores: 8
Rules claiming more threads will be scaled down.
Job stats:
job                       count
----------------------  -------
all                           1
assemble_canu                 1
assemble_flye                 1
assemble_raven_final          1
generate_filter_report        1
generate_final_report         1
plot_filtered_graphs          1
plot_final_graphs             1
polish_canu                   1
polish_raven                  1
select_best_candidate         1
total                        11

Select jobs to execute...
Failed to solve scheduling problem with ILP solver, falling back to greedy scheduler. You likely have to fix your ILP solver installation. Error message: PULP_CBC_CMD: Not Available (check permissions on cbc)
Execute 1 jobs...

[Tue Dec  2 09:16:07 2025]
localrule assemble_raven_final:
    input: results/sample_01/03_filtered_reads/recruited_reads.fastq
    output: results/sample_01/04_assemblies/raven/assembly.fasta, results/sample_01/04_assemblies/raven/assembly_graph.gfa
    jobid: 10
    reason: Missing output files: results/sample_01/04_assemblies/raven/assembly_graph.gfa, results/sample_01/04_assemblies/raven/assembly.fasta
    wildcards: sample=sample_01
    threads: 8
    resources: tmpdir=/tmp
Activating conda environment: .snakemake/conda/a2b85232586cb93f4a93c6f3fbe39fad_
[raven::] loaded 1900 sequences 0.030927s
[raven::Graph::Construct] minimized 0 - 1900 / 1900 0.191579s
[raven::Graph::Construct] mapped sequences 0.051358s
[raven::Graph::Construct] annotated piles 0.002482s
[raven::Graph::Construct] removed contained sequences 0.000710s
[raven::Graph::Construct] removed chimeric sequences 0.000563s
[raven::Graph::Construct] reached checkpoint 0.003012s
[raven::Graph::Construct] minimized 0 - 279 / 279 0.114433s
[raven::Graph::Construct] mapped valid sequences 0.022061s
[raven::Graph::Construct] updated overlaps 0.000027s
[raven::Graph::Construct] removed false overlaps 0.001881s
[raven::Graph::Construct] stored 554 nodes 0.003394s
[raven::Graph::Construct] stored 670 edges 0.000000s
[raven::Graph::Construct] reached checkpoint 0.003068s
[raven::Graph::Construct] 0.395767s
[raven::Graph::Assemble] removed transitive edges 0.000385s
[raven::Graph::Assemble] reached checkpoint 0.002963s
[raven::Graph::Assemble] removed tips and bubbles 0.000068s
[raven::Graph::Assemble] reached checkpoint 0.002875s
[raven::Graph::Assemble] removed long edges 0.000754s
[raven::Graph::Assemble] reached checkpoint 0.002399s
[raven::Graph::Assemble] 0.013642s
[raven::] 0.455976s
[Tue Dec  2 09:16:08 2025]
Finished jobid: 10 (Rule: assemble_raven_final)
1 of 11 steps (9%) done
Select jobs to execute...
Execute 1 jobs...

[Tue Dec  2 09:16:08 2025]
localrule assemble_flye:
    input: results/sample_01/03_filtered_reads/recruited_reads.fastq
    output: results/sample_01/04_assemblies/flye/assembly.fasta, results/sample_01/04_assemblies/flye/assembly_graph.gfa, results/sample_01/04_assemblies/flye/assembly_info.txt
    jobid: 2
    reason: Missing output files: results/sample_01/04_assemblies/flye/assembly.fasta, results/sample_01/04_assemblies/flye/assembly_graph.gfa
    wildcards: sample=sample_01
    threads: 8
    resources: tmpdir=/tmp
Activating conda environment: .snakemake/conda/7285c2f18f34f2f8ba70926309ed1888_
Select jobs to execute...
[2025-12-02 09:16:08] INFO: Starting Flye 2.9.6-b1802
[2025-12-02 09:16:08] INFO: >>>STAGE: configure
[2025-12-02 09:16:08] INFO: Configuring run
[2025-12-02 09:16:08] INFO: Total read length: 7025367
[2025-12-02 09:16:08] INFO: Input genome size: 150000
[2025-12-02 09:16:08] INFO: Estimated coverage: 46
[2025-12-02 09:16:08] INFO: Reads N50/N90: 4093 / 2071
[2025-12-02 09:16:08] INFO: Minimum overlap set to 2000
[2025-12-02 09:16:08] INFO: >>>STAGE: assembly
[2025-12-02 09:16:08] INFO: Assembling disjointigs
[2025-12-02 09:16:08] INFO: Reading sequences
[2025-12-02 09:16:08] INFO: Building minimizer index
[2025-12-02 09:16:08] INFO: Pre-calculating index storage
0% 10% 20% 30% 40% 50% 60% 70% 80% 90% 100% 
[2025-12-02 09:16:08] INFO: Filling index
0% 10% 20% 30% 40% 50% 60% 70% 80% 90% 100% 
[2025-12-02 09:16:08] INFO: Extending reads
[2025-12-02 09:16:10] INFO: Overlap-based coverage: 2
[2025-12-02 09:16:10] INFO: Median overlap divergence: 0.0242801
0% 10% 20% 30% 40% 50% 60% 70% 80% 90% 100% 
[2025-12-02 09:16:10] INFO: Assembled 221 disjointigs
[2025-12-02 09:16:10] INFO: Generating sequence
0% 10% 20% 30% 40% 50% 60% 70% 80% 90% 100% 
[2025-12-02 09:16:10] INFO: Filtering contained disjointigs
0% 10% 20% 30% 40% 50% 60% 70% 80% 90% 100% 
[2025-12-02 09:16:10] INFO: Contained seqs: 4
[2025-12-02 09:16:10] INFO: >>>STAGE: consensus
[2025-12-02 09:16:10] INFO: Running Minimap2
[2025-12-02 09:16:11] INFO: Computing consensus
[2025-12-02 09:16:11] INFO: Alignment error rate: 0.040528
[2025-12-02 09:16:11] INFO: >>>STAGE: repeat
[2025-12-02 09:16:11] INFO: Building and resolving repeat graph
[2025-12-02 09:16:11] INFO: Parsing disjointigs
[2025-12-02 09:16:11] INFO: Building repeat graph
0% 10% 20% 30% 40% 50% 60% 70% 80% 90% 100% 
[2025-12-02 09:16:11] INFO: Median overlap divergence: 0.0617916
[2025-12-02 09:16:12] INFO: Parsing reads
[2025-12-02 09:16:12] INFO: Aligning reads to the graph
0% 10% 20% 30% 40% 50% 60% 70% 80% 90% 100% 
[2025-12-02 09:16:12] INFO: Aligned read sequence: 4131048 / 6405041 (0.644968)
[2025-12-02 09:16:12] INFO: Median overlap divergence: 0.0123174
[2025-12-02 09:16:12] INFO: Mean edge coverage: 3
[2025-12-02 09:16:12] INFO: Simplifying the graph
[2025-12-02 09:16:12] INFO: >>>STAGE: contigger
[2025-12-02 09:16:12] INFO: Generating contigs
[2025-12-02 09:16:12] INFO: Reading sequences
[2025-12-02 09:16:12] INFO: Generated 93 contigs
[2025-12-02 09:16:12] INFO: Added 0 scaffold connections
[2025-12-02 09:16:12] INFO: >>>STAGE: polishing
[2025-12-02 09:16:12] INFO: Polishing genome (1/2)
[2025-12-02 09:16:12] INFO: Running minimap2
[2025-12-02 09:16:12] INFO: Separating alignment into bubbles
[2025-12-02 09:16:13] INFO: Alignment error rate: 0.032031
[2025-12-02 09:16:13] INFO: Correcting bubbles
0% 10% 20% 30% 40% 50% 60% 70% 80% 90% 100% 
[2025-12-02 09:16:17] INFO: Polishing genome (2/2)
[2025-12-02 09:16:17] INFO: Running minimap2
[2025-12-02 09:16:18] INFO: Separating alignment into bubbles
[2025-12-02 09:16:18] INFO: Alignment error rate: 0.030900
[2025-12-02 09:16:18] INFO: Correcting bubbles
0% 10% 20% 30% 40% 50% 60% 70% 80% 90% 100% 
[2025-12-02 09:16:24] INFO: >>>STAGE: finalize
[2025-12-02 09:16:24] INFO: Assembly statistics:

	Total length:	555380
	Fragments:	89
	Fragments N50:	7705
	Largest frg:	17177
	Scaffolds:	0
	Mean coverage:	4

[2025-12-02 09:16:24] INFO: Final assembly: /data/4.UGM/20231201_Melon/Melon/Tools/OrganelleCycler/results/sample_01/04_assemblies/flye/assembly.fasta
[Tue Dec  2 09:16:24 2025]
Finished jobid: 2 (Rule: assemble_flye)
2 of 11 steps (18%) done
Execute 1 jobs...

[Tue Dec  2 09:16:24 2025]
localrule polish_raven:
    input: results/sample_01/03_filtered_reads/recruited_reads.fastq, results/sample_01/04_assemblies/raven/assembly.fasta
    output: results/sample_01/05_polished/raven_polished.fasta
    jobid: 9
    reason: Missing output files: results/sample_01/05_polished/raven_polished.fasta; Input files updated by another job: results/sample_01/04_assemblies/raven/assembly.fasta
    wildcards: sample=sample_01
    threads: 8
    resources: tmpdir=/tmp
Activating conda environment: .snakemake/conda/9e634b177231bc9c95c8d5d59c432223_

[93m[1m[4mChecking requirements[0m
[2m    Minipolish requires Minimap2 and Racon to run, so it checks for these tools[0m
[2mnow.[0m

Minimap2 found: /data/4.UGM/20231201_Melon/Melon/Tools/OrganelleCycler/.snakemake/conda/9e634b177231bc9c95c8d5d59c432223_/bin/minimap2 (v2.30-r1287)
Racon found:    /data/4.UGM/20231201_Melon/Melon/Tools/OrganelleCycler/.snakemake/conda/9e634b177231bc9c95c8d5d59c432223_/bin/racon (v1.5.0)


[93m[1m[4mLoading graph[0m
[2m    Loading the miniasm GFA graph into memory.[0m

results/sample_01/04_assemblies/raven/assembly.fasta
  0 segments (0 bp)
  0 links


[93m[1m[4mInitial polishing round[0m
[2m    The first round of polishing is done on a per-segment basis and only uses[0m
[2mreads which are definitely associated with the segment (because the GFA[0m
[2mindicated that they were used to make the segment).[0m



[93m[1m[4mFull polishing rounds[0m
[2m    The assembly graph is now polished using all of the reads. Multiple rounds[0m
[2mof polishing are done, and circular contigs are rotated between rounds.[0m


Running Racon on round_1:
  reads:      results/sample_01/03_filtered_reads/recruited_reads.fastq (1,900 reads)
  input:      /tmp/tmp8r5y3f7r/round_1.fasta (0 bp)
  alignments: /tmp/tmp8r5y3f7r/round_1.paf (0 alignments)
  output:     /tmp/tmp8r5y3f7r/round_1_polished.fasta (0 bp)


Running Racon on round_2:
  reads:      results/sample_01/03_filtered_reads/recruited_reads.fastq (1,900 reads)
  input:      /tmp/tmp8r5y3f7r/round_2.fasta (0 bp)
  alignments: /tmp/tmp8r5y3f7r/round_2.paf (0 alignments)
  output:     /tmp/tmp8r5y3f7r/round_2_polished.fasta (0 bp)


[93m[1m[4mAssign read depths[0m
[2m    The reads are aligned to the contigs one final time to calculate read depth[0m
[2mvalues.[0m

Aligning reads:
  reads:      results/sample_01/03_filtered_reads/recruited_reads.fastq (1,900 reads)
  contigs:    /tmp/tmp8r5y3f7r/depths.fasta (0 bp)
  alignments: /tmp/tmp8r5y3f7r/depths.paf (0 alignments)
  mean depth: 0.000x

[Tue Dec  2 09:16:24 2025]
Finished jobid: 9 (Rule: polish_raven)
3 of 11 steps (27%) done
Select jobs to execute...
Execute 1 jobs...

[Tue Dec  2 09:16:24 2025]
localrule assemble_canu:
    input: results/sample_01/03_filtered_reads/recruited_reads.fastq
    output: results/sample_01/04_assemblies/canu/assembly.contigs.fasta, results/sample_01/04_assemblies/canu/assembly.contigs.gfa
    jobid: 12
    reason: Missing output files: results/sample_01/04_assemblies/canu/assembly.contigs.gfa, results/sample_01/04_assemblies/canu/assembly.contigs.fasta
    wildcards: sample=sample_01
    threads: 8
    resources: tmpdir=/tmp
Activating conda environment: .snakemake/conda/ceb11391669142f0221279cb9373c715_
Select jobs to execute...
-- canu master +27 changes (r10515 2a41e933b8de6ed66723d75d36dd071b46d2c347)
--
-- CITATIONS
--
-- For 'standard' assemblies of PacBio or Nanopore reads:
--   Koren S, Walenz BP, Berlin K, Miller JR, Phillippy AM.
--   Canu: scalable and accurate long-read assembly via adaptive k-mer weighting and repeat separation.
--   Genome Res. 2017 May;27(5):722-736.
--   http://doi.org/10.1101/gr.215087.116
-- 
-- Read and contig alignments during correction and consensus use:
--   Šošic M, Šikic M.
--   Edlib: a C/C ++ library for fast, exact sequence alignment using edit distance.
--   Bioinformatics. 2017 May 1;33(9):1394-1395.
--   http://doi.org/10.1093/bioinformatics/btw753
-- 
-- Overlaps are generated using:
--   Berlin K, et al.
--   Assembling large genomes with single-molecule sequencing and locality-sensitive hashing.
--   Nat Biotechnol. 2015 Jun;33(6):623-30.
--   http://doi.org/10.1038/nbt.3238
-- 
--   Myers EW, et al.
--   A Whole-Genome Assembly of Drosophila.
--   Science. 2000 Mar 24;287(5461):2196-204.
--   http://doi.org/10.1126/science.287.5461.2196
-- 
-- Corrected read consensus sequences are generated using an algorithm derived from FALCON-sense:
--   Chin CS, et al.
--   Phased diploid genome assembly with single-molecule real-time sequencing.
--   Nat Methods. 2016 Dec;13(12):1050-1054.
--   http://doi.org/10.1038/nmeth.4035
-- 
-- Contig consensus sequences are generated using an algorithm derived from pbdagcon:
--   Chin CS, et al.
--   Nonhybrid, finished microbial genome assemblies from long-read SMRT sequencing data.
--   Nat Methods. 2013 Jun;10(6):563-9
--   http://doi.org/10.1038/nmeth.2474
-- 
-- CONFIGURE CANU
--
-- Detected Java(TM) Runtime Environment '25.0.1-internal' (from '/data/4.UGM/20231201_Melon/Melon/Tools/OrganelleCycler/.snakemake/conda/ceb11391669142f0221279cb9373c715_/lib/jvm/bin/java') without -d64 support.
-- Detected gnuplot version '5.4 patchlevel 10   ' (from 'gnuplot') and image format 'png'.
-- Detected samtools version '1.22.1' / htslib version 'htscodecs=1.6.4' (from 'samtools').
--
-- Detected 8 CPUs and 503 gigabytes of memory on the local machine.
--
-- Detected Slurm with 'sinfo' binary in /usr/bin/sinfo.
--          Slurm disabled by useGrid=false
--
-- Local machine mode enabled; grid support not detected or not allowed.
--
-- Found untrimmed raw Nanopore reads in the input files.
--
-- Job limits:
--      8 CPUs              (maxThreads option).
--
--                                (tag)Concurrency
--                         (tag)Threads          |
--                (tag)Memory         |          |
--        (tag)             |         |          |       total usage      algorithm
--        -------  ----------  --------   --------  --------------------  -----------------------------
-- Local: meryl     12.000 GB    4 CPUs x   2 jobs    24.000 GB   8 CPUs  (k-mer counting)
-- Local: cormhap    6.000 GB    8 CPUs x   1 job      6.000 GB   8 CPUs  (overlap detection with mhap)
-- Local: obtovl     4.000 GB    8 CPUs x   1 job      4.000 GB   8 CPUs  (overlap detection)
-- Local: utgovl     4.000 GB    8 CPUs x   1 job      4.000 GB   8 CPUs  (overlap detection)
-- Local: cor        -.--- GB    4 CPUs x   - jobs     -.--- GB   - CPUs  (read correction)
-- Local: ovb        4.000 GB    1 CPU  x   8 jobs    32.000 GB   8 CPUs  (overlap store bucketizer)
-- Local: ovs        8.000 GB    1 CPU  x   8 jobs    64.000 GB   8 CPUs  (overlap store sorting)
-- Local: red       16.000 GB    4 CPUs x   2 jobs    32.000 GB   8 CPUs  (read error detection)
-- Local: oea        8.000 GB    1 CPU  x   8 jobs    64.000 GB   8 CPUs  (overlap error adjustment)
-- Local: bat       16.000 GB    4 CPUs x   1 job     16.000 GB   4 CPUs  (contig construction with bogart)
-- Local: cns        -.--- GB    4 CPUs x   - jobs     -.--- GB   - CPUs  (consensus)
--
-- Generating assembly 'assembly' in '/data/4.UGM/20231201_Melon/Melon/Tools/OrganelleCycler/results/sample_01/04_assemblies/canu':
--   genomeSize:
--     150000
--
--   Overlap Generation Limits:
--     corOvlErrorRate 0.3200 ( 32.00%)
--     obtOvlErrorRate 0.1200 ( 12.00%)
--     utgOvlErrorRate 0.1200 ( 12.00%)
--
--   Overlap Processing Limits:
--     corErrorRate    0.3000 ( 30.00%)
--     obtErrorRate    0.1200 ( 12.00%)
--     utgErrorRate    0.1200 ( 12.00%)
--     cnsErrorRate    0.2000 ( 20.00%)
--
--   Stages to run:
--     correct raw reads.
--     trim corrected reads.
--     assemble corrected and trimmed reads.
--
--
-- BEGIN STORE CREATION
----------------------------------------
-- Starting command on Tue Dec  2 09:16:25 2025 with 6258.567 GB free disk space

    cd .
    ./assembly.seqStore.sh \
    > ./assembly.seqStore.err 2>&1

-- Finished on Tue Dec  2 09:16:25 2025 (furiously fast) with 6258.565 GB free disk space
----------------------------------------
--
-- In sequence store './assembly.seqStore':
--   Found 1900 reads.
--   Found 7025367 bases (46.83 times coverage).
--    Histogram of raw reads:
--    
--    G=7025367                          sum of  ||               length     num
--    NG         length     index       lengths  ||                range    seqs
--    ----- ------------ --------- ------------  ||  ------------------- -------
--    00010        10067        56       711248  ||       1255-1744          228|-----------------------------------------------
--    00020         7469       137      1411724  ||       1745-2234          284|----------------------------------------------------------
--    00030         6033       241      2108002  ||       2235-2724          310|---------------------------------------------------------------
--    00040         4923       371      2813761  ||       2725-3214          238|-------------------------------------------------
--    00050         4093       527      3515186  ||       3215-3704          203|------------------------------------------
--    00060         3496       713      4216254  ||       3705-4194          125|--------------------------
--    00070         2980       930      4920510  ||       4195-4684          101|---------------------
--    00080         2562      1184      5620728  ||       4685-5174           75|----------------
--    00090         2071      1486      6323674  ||       5175-5664           56|------------
--    00100         1255      1900      7025367  ||       5665-6154           49|----------
--    001.000x                1900      7025367  ||       6155-6644           41|---------
--                                               ||       6645-7134           31|-------
--                                               ||       7135-7624           29|------
--                                               ||       7625-8114           19|----
--                                               ||       8115-8604           14|---
--                                               ||       8605-9094           12|---
--                                               ||       9095-9584           19|----
--                                               ||       9585-10074          11|---
--                                               ||      10075-10564           5|--
--                                               ||      10565-11054           8|--
--                                               ||      11055-11544           8|--
--                                               ||      11545-12034           7|--
--                                               ||      12035-12524           6|--
--                                               ||      12525-13014           4|-
--                                               ||      13015-13504           2|-
--                                               ||      13505-13994           2|-
--                                               ||      13995-14484           4|-
--                                               ||      14485-14974           0|
--                                               ||      14975-15464           0|
--                                               ||      15465-15954           2|-
--                                               ||      15955-16444           1|-
--                                               ||      16445-16934           2|-
--                                               ||      16935-17424           1|-
--                                               ||      17425-17914           1|-
--                                               ||      17915-18404           1|-
--                                               ||      18405-18894           0|
--                                               ||      18895-19384           0|
--                                               ||      19385-19874           0|
--                                               ||      19875-20364           0|
--                                               ||      20365-20854           1|-
--    
--
-- BEGIN CORRECTION
----------------------------------------
-- Starting command on Tue Dec  2 09:16:25 2025 with 6258.565 GB free disk space

    cd correction/0-mercounts
    ./meryl-configure.sh \
    > ./meryl-configure.err 2>&1

-- Finished on Tue Dec  2 09:16:25 2025 (lickety-split) with 6258.565 GB free disk space
----------------------------------------
--  segments   memory batches
--  -------- -------- -------
--        01  0.02 GB       2
--        02  -.-- GB       -  (segment size too small)
--        04  -.-- GB       -  (segment size too small)
--        06  -.-- GB       -  (segment size too small)
--        08  -.-- GB       -  (segment size too small)
--        12  -.-- GB       -  (segment size too small)
--        16  -.-- GB       -  (segment size too small)
--        20  -.-- GB       -  (segment size too small)
--        24  -.-- GB       -  (segment size too small)
--        32  -.-- GB       -  (segment size too small)
--        40  -.-- GB       -  (segment size too small)
--        48  -.-- GB       -  (segment size too small)
--        56  -.-- GB       -  (segment size too small)
--        64  -.-- GB       -  (segment size too small)
--        96  -.-- GB       -  (segment size too small)
--
--  For 1900 reads with 7025367 bases, limit to 1 batch.
--  Will count kmers using 01 jobs, each using 2 GB and 4 threads.
--
-- Finished stage 'merylConfigure', reset canuIteration.
--
-- Running jobs.  First attempt out of 2.
----------------------------------------
-- Starting 'meryl' concurrent execution on Tue Dec  2 09:16:25 2025 with 6258.565 GB free disk space (1 processes; 2 concurrently)

    cd correction/0-mercounts
    ./meryl-count.sh 1 > ./meryl-count.000001.out 2>&1

-- Finished on Tue Dec  2 09:16:27 2025 (2 seconds) with 6258.546 GB free disk space
----------------------------------------
-- Found 1 Kmer counting (meryl) outputs.
-- Finished stage 'cor-merylCountCheck', reset canuIteration.
--
-- Running jobs.  First attempt out of 2.
----------------------------------------
-- Starting 'meryl' concurrent execution on Tue Dec  2 09:16:27 2025 with 6258.546 GB free disk space (1 processes; 2 concurrently)

    cd correction/0-mercounts
    ./meryl-process.sh 1 > ./meryl-process.000001.out 2>&1

-- Finished on Tue Dec  2 09:16:28 2025 (one second) with 6258.558 GB free disk space
----------------------------------------
-- Meryl finished successfully.  Kmer frequency histogram:
--
--  16-mers                                                                                           Fraction
--    Occurrences   NumMers                                                                         Unique Total
--       1-     1         0                                                                        0.0000 0.0000
--       2-     2    513685 ********************************************************************** 0.4437 0.2210
--       3-     4    347132 ***********************************************                        0.6331 0.3624
--       5-     7    181139 ************************                                               0.8182 0.5653
--       8-    11     77621 **********                                                             0.9266 0.7492
--      12-    16     22645 ***                                                                    0.9735 0.8667
--      17-    22     10669 *                                                                      0.9886 0.9216
--      23-    29      2024                                                                        0.9963 0.9594
--      30-    37      1039                                                                        0.9977 0.9684
--      38-    46       367                                                                        0.9985 0.9755
--      47-    56       386                                                                        0.9988 0.9788
--      57-    67       559                                                                        0.9992 0.9830
--      68-    79       374                                                                        0.9997 0.9912
--      80-    92        24                                                                        0.9999 0.9957
--      93-   106         1                                                                        1.0000 0.9962
--     107-   121         4                                                                        1.0000 0.9962
--     122-   137         0                                                                        0.0000 0.0000
--     138-   154         3                                                                        1.0000 0.9963
--     155-   172         5                                                                        1.0000 0.9964
--     173-   191         0                                                                        0.0000 0.0000
--     192-   211         5                                                                        1.0000 0.9966
--     212-   232         1                                                                        1.0000 0.9968
--     233-   254         0                                                                        0.0000 0.0000
--     255-   277         0                                                                        0.0000 0.0000
--     278-   301         0                                                                        0.0000 0.0000
--     302-   326         0                                                                        0.0000 0.0000
--     327-   352         0                                                                        0.0000 0.0000
--     353-   379         3                                                                        1.0000 0.9969
--     380-   407         0                                                                        0.0000 0.0000
--     408-   436         0                                                                        0.0000 0.0000
--     437-   466         0                                                                        0.0000 0.0000
--     467-   497         7                                                                        1.0000 0.9972
--     498-   529         0                                                                        0.0000 0.0000
--     530-   562         2                                                                        1.0000 0.9980
--
--           0 (max occurrences)
--     4649557 (total mers, non-unique)
--     1157699 (distinct mers, non-unique)
--           0 (unique mers)
-- Finished stage 'meryl-process', reset canuIteration.
--
-- Removing meryl database 'correction/0-mercounts/assembly.ms16'.
--
-- OVERLAPPER (mhap) (correction)
--
-- Set corMhapSensitivity=normal based on read coverage of 46.83.
--
-- PARAMETERS: hashes=512, minMatches=3, threshold=0.78
--
-- Given 5.4 GB, can fit 16200 reads per block.
-- For 2 blocks, set stride to 2 blocks.
-- Logging partitioning to 'correction/1-overlapper/partitioning.log'.
-- Configured 1 mhap precompute jobs.
-- Configured 1 mhap overlap jobs.
-- Finished stage 'cor-mhapConfigure', reset canuIteration.
--
-- Running jobs.  First attempt out of 2.
----------------------------------------
-- Starting 'cormhap' concurrent execution on Tue Dec  2 09:16:28 2025 with 6258.565 GB free disk space (1 processes; 1 concurrently)

    cd correction/1-overlapper
    ./precompute.sh 1 > ./precompute.000001.out 2>&1

-- Finished on Tue Dec  2 09:16:49 2025 (21 seconds) with 6258.529 GB free disk space
----------------------------------------
-- All 1 mhap precompute jobs finished successfully.
-- Finished stage 'cor-mhapPrecomputeCheck', reset canuIteration.
--
-- Running jobs.  First attempt out of 2.
----------------------------------------
-- Starting 'cormhap' concurrent execution on Tue Dec  2 09:16:49 2025 with 6258.529 GB free disk space (1 processes; 1 concurrently)

    cd correction/1-overlapper
    ./mhap.sh 1 > ./mhap.000001.out 2>&1

-- Finished on Tue Dec  2 09:16:50 2025 (one second) with 6258.529 GB free disk space
----------------------------------------
-- Found 1 mhap overlap output files.
-- Finished stage 'cor-mhapCheck', reset canuIteration.
----------------------------------------
-- Starting command on Tue Dec  2 09:16:50 2025 with 6258.529 GB free disk space

    cd correction
    /data/4.UGM/20231201_Melon/Melon/Tools/OrganelleCycler/.snakemake/conda/ceb11391669142f0221279cb9373c715_/bin/ovStoreConfig \
     -S ../assembly.seqStore \
     -M 4-8 \
     -L ./1-overlapper/ovljob.files \
     -create ./assembly.ovlStore.config \
     > ./assembly.ovlStore.config.txt \
    2> ./assembly.ovlStore.config.err

-- Finished on Tue Dec  2 09:16:50 2025 (fast as lightning) with 6258.529 GB free disk space
----------------------------------------
--
-- Creating overlap store correction/assembly.ovlStore using:
--      1 bucket
--      1 slice
--        using at most 1 GB memory each
--
-- Running jobs.  First attempt out of 2.
----------------------------------------
-- Starting 'ovS' concurrent execution on Tue Dec  2 09:16:50 2025 with 6258.529 GB free disk space (1 processes; 8 concurrently)

    cd correction
    ./assembly.ovlStore.sh 1 > ./assembly.ovlStore.000001.out 2>&1

-- Finished on Tue Dec  2 09:16:50 2025 (like a bat out of hell) with 6258.528 GB free disk space
----------------------------------------
-- Checking store.
----------------------------------------
-- Starting command on Tue Dec  2 09:16:50 2025 with 6258.528 GB free disk space

    cd correction
    /data/4.UGM/20231201_Melon/Melon/Tools/OrganelleCycler/.snakemake/conda/ceb11391669142f0221279cb9373c715_/bin/ovStoreDump \
     -S ../assembly.seqStore \
     -O  ./assembly.ovlStore \
     -counts \
     > ./assembly.ovlStore/counts.dat 2> ./assembly.ovlStore/counts.err

-- Finished on Tue Dec  2 09:16:50 2025 (furiously fast) with 6258.528 GB free disk space
----------------------------------------
--
-- Overlap store 'correction/assembly.ovlStore' successfully constructed.
-- Found 19302 overlaps for 1648 reads; 252 reads have no overlaps.
--
--
-- Purged 0.035 GB in 4 overlap output files.
-- Finished stage 'cor-createOverlapStore', reset canuIteration.
-- Set corMinCoverage=4 based on read coverage of 46.83.
-- Computing correction layouts.
--   Local  filter coverage   80
--   Global filter coverage   40
----------------------------------------
-- Starting command on Tue Dec  2 09:16:50 2025 with 6258.564 GB free disk space

    cd correction
    /data/4.UGM/20231201_Melon/Melon/Tools/OrganelleCycler/.snakemake/conda/ceb11391669142f0221279cb9373c715_/bin/generateCorrectionLayouts \
      -S ../assembly.seqStore \
      -O  ./assembly.ovlStore \
      -C  ./assembly.corStore.WORKING \
      -eC 80 \
      -xC 40 \
    > ./assembly.corStore.err 2>&1

-- Finished on Tue Dec  2 09:16:50 2025 (in the blink of an eye) with 6258.563 GB free disk space
----------------------------------------
-- Finished stage 'cor-buildCorrectionLayoutsConfigure', reset canuIteration.
-- Computing correction layouts.
----------------------------------------
-- Starting command on Tue Dec  2 09:16:50 2025 with 6258.563 GB free disk space

    cd correction/2-correction
    /data/4.UGM/20231201_Melon/Melon/Tools/OrganelleCycler/.snakemake/conda/ceb11391669142f0221279cb9373c715_/bin/filterCorrectionLayouts \
      -S  ../../assembly.seqStore \
      -C     ../assembly.corStore \
      -R      ./assembly.readsToCorrect.WORKING \
      -cc 4 \
      -cl 1000 \
      -g  150000 \
      -c  40 \
    > ./assembly.readsToCorrect.err 2>&1

-- Finished on Tue Dec  2 09:16:50 2025 (lickety-split) with 6258.563 GB free disk space
----------------------------------------
--                             original      original
--                            raw reads     raw reads
--   category                w/overlaps  w/o/overlaps
--   -------------------- ------------- -------------
--   Number of Reads               1641           259
--   Number of Bases            6234550         16445
--   Coverage                    41.564         0.110
--   Median                        3040             0
--   Mean                          3799            63
--   N50                           4296          3304
--   Minimum                       1255             0
--   Maximum                      20823          3547
--   
--                                        --------corrected---------  ----------rescued----------
--                             evidence                     expected                     expected
--   category                     reads            raw     corrected            raw     corrected
--   -------------------- -------------  ------------- -------------  ------------- -------------
--   Number of Reads               1242           1176          1176              0             0
--   Number of Bases            4803892        4573446       2911838              0             0
--   Coverage                    32.026         30.490        19.412          0.000         0.000
--   Median                        3058           3098          2204              0             0
--   Mean                          3867           3888          2476              0             0
--   N50                           4429           4436          2957              0             0
--   Minimum                       1261           1271            14              0             0
--   Maximum                      20823          20823         11640              0             0
--   
--                        --------uncorrected--------
--                                           expected
--   category                       raw     corrected
--   -------------------- ------------- -------------
--   Number of Reads                724           724
--   Number of Bases            1677549         11730
--   Coverage                    11.184         0.078
--   Median                        2106             0
--   Mean                          2317            16
--   N50                           3850             0
--   Minimum                          0             0
--   Maximum                      15949         11730
--   
--   Maximum Memory           712787474
-- Finished stage 'cor-filterCorrectionLayouts', reset canuIteration.
--
-- Correction jobs estimated to need at most 0.663 GB for computation.
-- Correction jobs will request 6 GB each.
--
-- Local: cor        6.000 GB    4 CPUs x   2 jobs    12.000 GB   8 CPUs  (read correction)
--
--
-- Configuring correction jobs:
--   Reads estimated to need at most 0.663 GB for computation.
--   Jobs will request 6 GB each.
----------------------------------------
-- Starting command on Tue Dec  2 09:16:50 2025 with 6258.563 GB free disk space

    cd correction/2-correction
    ./correctReadsPartition.sh \
    > ./correctReadsPartition.err 2>&1

-- Finished on Tue Dec  2 09:16:50 2025 (lickety-split) with 6258.563 GB free disk space
----------------------------------------
-- Finished stage 'cor-generateCorrectedReadsConfigure', reset canuIteration.
--
-- Running jobs.  First attempt out of 2.
----------------------------------------
-- Starting 'cor' concurrent execution on Tue Dec  2 09:16:50 2025 with 6258.563 GB free disk space (1 processes; 2 concurrently)

    cd correction/2-correction
    ./correctReads.sh 1 > ./correctReads.000001.out 2>&1

-- Finished on Tue Dec  2 09:16:57 2025 (7 seconds) with 6258.557 GB free disk space
----------------------------------------
-- Found 1 read correction output files.
-- Finished stage 'cor-generateCorrectedReadsCheck', reset canuIteration.
-- Found 1 read correction output files.
-- Finished stage 'cor-generateCorrectedReadsCheck', reset canuIteration.
--
-- Loading corrected reads into corStore and seqStore.
----------------------------------------
-- Starting command on Tue Dec  2 09:16:57 2025 with 6258.557 GB free disk space

    cd correction
    /data/4.UGM/20231201_Melon/Melon/Tools/OrganelleCycler/.snakemake/conda/ceb11391669142f0221279cb9373c715_/bin/loadCorrectedReads \
      -S ../assembly.seqStore \
      -C ./assembly.corStore \
      -L ./2-correction/corjob.files \
    >  ./assembly.loadCorrectedReads.log \
    2> ./assembly.loadCorrectedReads.err

-- Finished on Tue Dec  2 09:16:57 2025 (lickety-split) with 6258.555 GB free disk space
----------------------------------------
--
-- In sequence store './assembly.seqStore':
--   Found 1019 reads.
--   Found 2768601 bases (18.45 times coverage).
--    Histogram of corrected reads:
--    
--    G=2768601                          sum of  ||               length     num
--    NG         length     index       lengths  ||                range    seqs
--    ----- ------------ --------- ------------  ||  ------------------- -------
--    00010         5912        40       279969  ||       1001-1260           62|---------------------------------
--    00020         4694        92       554903  ||       1261-1520          110|-----------------------------------------------------------
--    00030         3885       158       833829  ||       1521-1780          119|---------------------------------------------------------------
--    00040         3404       234      1110587  ||       1781-2040           95|---------------------------------------------------
--    00050         2968       321      1385269  ||       2041-2300           90|------------------------------------------------
--    00060         2657       419      1661856  ||       2301-2560          101|------------------------------------------------------
--    00070         2332       531      1938553  ||       2561-2820           68|------------------------------------
--    00080         1976       660      2216178  ||       2821-3080           83|--------------------------------------------
--    00090         1629       814      2492360  ||       3081-3340           49|--------------------------
--    00100         1001      1019      2768601  ||       3341-3600           40|----------------------
--    001.000x                1019      2768601  ||       3601-3860           39|---------------------
--                                               ||       3861-4120           32|-----------------
--                                               ||       4121-4380           19|-----------
--                                               ||       4381-4640           16|---------
--                                               ||       4641-4900           10|------
--                                               ||       4901-5160           18|----------
--                                               ||       5161-5420            9|-----
--                                               ||       5421-5680           10|------
--                                               ||       5681-5940           12|-------
--                                               ||       5941-6200            7|----
--                                               ||       6201-6460            8|-----
--                                               ||       6461-6720            3|--
--                                               ||       6721-6980            6|----
--                                               ||       6981-7240            3|--
--                                               ||       7241-7500            1|-
--                                               ||       7501-7760            1|-
--                                               ||       7761-8020            2|--
--                                               ||       8021-8280            1|-
--                                               ||       8281-8540            0|
--                                               ||       8541-8800            0|
--                                               ||       8801-9060            1|-
--                                               ||       9061-9320            1|-
--                                               ||       9321-9580            2|--
--                                               ||       9581-9840            0|
--                                               ||       9841-10100           0|
--                                               ||      10101-10360           0|
--                                               ||      10361-10620           0|
--                                               ||      10621-10880           0|
--                                               ||      10881-11140           0|
--                                               ||      11141-11400           1|-
--    
--
-- Purging correctReads output after loading into stores.
-- Purged 1 .cns outputs.
-- Purged 2 .out job log outputs.
--
-- No corrected reads generated, overlaps used for correction saved.
-- Finished stage 'cor-loadCorrectedReads', reset canuIteration.
----------------------------------------
-- Starting command on Tue Dec  2 09:16:57 2025 with 6258.561 GB free disk space

    cd .
    /data/4.UGM/20231201_Melon/Melon/Tools/OrganelleCycler/.snakemake/conda/ceb11391669142f0221279cb9373c715_/bin/sqStoreDumpFASTQ \
      -corrected \
      -S ./assembly.seqStore \
      -o ./assembly.correctedReads.gz \
      -fasta \
      -nolibname \
    > assembly.correctedReads.fasta.err 2>&1

-- Finished on Tue Dec  2 09:16:57 2025 (in the blink of an eye) with 6258.56 GB free disk space
----------------------------------------
--
-- Corrected reads saved in 'assembly.correctedReads.fasta.gz'.
-- Finished stage 'cor-dumpCorrectedReads', reset canuIteration.
--
-- BEGIN TRIMMING
----------------------------------------
-- Starting command on Tue Dec  2 09:16:57 2025 with 6258.56 GB free disk space

    cd trimming/0-mercounts
    ./meryl-configure.sh \
    > ./meryl-configure.err 2>&1

-- Finished on Tue Dec  2 09:16:57 2025 (fast as lightning) with 6258.56 GB free disk space
----------------------------------------
--  segments   memory batches
--  -------- -------- -------
--        01  0.01 GB       2
--        02  -.-- GB       -  (segment size too small)
--        04  -.-- GB       -  (segment size too small)
--        06  -.-- GB       -  (segment size too small)
--        08  -.-- GB       -  (segment size too small)
--        12  -.-- GB       -  (segment size too small)
--        16  -.-- GB       -  (segment size too small)
--        20  -.-- GB       -  (segment size too small)
--        24  -.-- GB       -  (segment size too small)
--        32  -.-- GB       -  (segment size too small)
--        40  -.-- GB       -  (segment size too small)
--        48  -.-- GB       -  (segment size too small)
--        56  -.-- GB       -  (segment size too small)
--        64  -.-- GB       -  (segment size too small)
--        96  -.-- GB       -  (segment size too small)
--
--  For 1019 reads with 2768601 bases, limit to 1 batch.
--  Will count kmers using 01 jobs, each using 2 GB and 4 threads.
--
-- Finished stage 'merylConfigure', reset canuIteration.
--
-- Running jobs.  First attempt out of 2.
----------------------------------------
-- Starting 'meryl' concurrent execution on Tue Dec  2 09:16:57 2025 with 6258.56 GB free disk space (1 processes; 2 concurrently)

    cd trimming/0-mercounts
    ./meryl-count.sh 1 > ./meryl-count.000001.out 2>&1

-- Finished on Tue Dec  2 09:16:58 2025 (one second) with 6258.557 GB free disk space
----------------------------------------
-- Found 1 Kmer counting (meryl) outputs.
-- Finished stage 'obt-merylCountCheck', reset canuIteration.
--
-- Running jobs.  First attempt out of 2.
----------------------------------------
-- Starting 'meryl' concurrent execution on Tue Dec  2 09:16:58 2025 with 6258.557 GB free disk space (1 processes; 2 concurrently)

    cd trimming/0-mercounts
    ./meryl-process.sh 1 > ./meryl-process.000001.out 2>&1

-- Finished on Tue Dec  2 09:17:00 2025 (2 seconds) with 6258.557 GB free disk space
----------------------------------------
-- Meryl finished successfully.  Kmer frequency histogram:
--
--  22-mers                                                                                           Fraction
--    Occurrences   NumMers                                                                         Unique Total
--       1-     1         0                                                                        0.0000 0.0000
--       2-     2     11871 ****                                                                   0.0342 0.0087
--       3-     4     36005 ***************                                                        0.0833 0.0275
--       5-     7    167190 ********************************************************************** 0.3599 0.1970
--       8-    11     85823 ***********************************                                    0.7109 0.5036
--      12-    16     26345 ***********                                                            0.8886 0.7321
--      17-    22     14571 ******                                                                 0.9506 0.8467
--      23-    29      2524 *                                                                      0.9858 0.9351
--      30-    37      1432                                                                        0.9919 0.9555
--      38-    46       422                                                                        0.9957 0.9722
--      47-    56      1060                                                                        0.9970 0.9795
--      57-    67         1                                                                        0.9999 0.9990
--      68-    79        21                                                                        0.9999 0.9991
--      80-    92         0                                                                        0.0000 0.0000
--      93-   106         0                                                                        0.0000 0.0000
--     107-   121         2                                                                        1.0000 0.9997
--     122-   137         3                                                                        1.0000 0.9998
--     138-   154         4                                                                        1.0000 0.9998
--
--           0 (max occurrences)
--     2722879 (total mers, non-unique)
--      347274 (distinct mers, non-unique)
--           0 (unique mers)
-- Finished stage 'meryl-process', reset canuIteration.
--
-- Removing meryl database 'trimming/0-mercounts/assembly.ms22'.
--
-- OVERLAPPER (normal) (trimming) erate=0.12
--
----------------------------------------
-- Starting command on Tue Dec  2 09:17:00 2025 with 6258.56 GB free disk space

    cd trimming/1-overlapper
    /data/4.UGM/20231201_Melon/Melon/Tools/OrganelleCycler/.snakemake/conda/ceb11391669142f0221279cb9373c715_/bin/overlapInCorePartition \
     -S  ../../assembly.seqStore \
     -hl 80000000 \
     -rl 1000000000 \
     -ol 500 \
     -o  ./assembly.partition \
    > ./assembly.partition.err 2>&1

-- Finished on Tue Dec  2 09:17:00 2025 (like a bat out of hell) with 6258.56 GB free disk space
----------------------------------------
--
-- Configured 1 overlapInCore jobs.
-- Finished stage 'obt-overlapConfigure', reset canuIteration.
--
-- Running jobs.  First attempt out of 2.
----------------------------------------
-- Starting 'obtovl' concurrent execution on Tue Dec  2 09:17:00 2025 with 6258.56 GB free disk space (1 processes; 1 concurrently)

    cd trimming/1-overlapper
    ./overlap.sh 1 > ./overlap.000001.out 2>&1

-- Finished on Tue Dec  2 09:17:01 2025 (one second) with 6258.56 GB free disk space
----------------------------------------
-- Found 1 overlapInCore output files.
--
-- overlapInCore compute 'trimming/1-overlapper':
--   kmer hits
--     with no overlap             2819        2819 +- 0
--     with an overlap             7095        7095 +- 0
--
--   overlaps                      7092        7092 +- 0
--     contained                      0           0 +- 0
--     dovetail                       0           0 +- 0
--
--   overlaps rejected
--     multiple per pair              0           0 +- 0
--     bad short window               0           0 +- 0
--     bad long window                0           0 +- 0
-- Finished stage 'obt-overlapCheck', reset canuIteration.
----------------------------------------
-- Starting command on Tue Dec  2 09:17:01 2025 with 6258.56 GB free disk space

    cd trimming
    /data/4.UGM/20231201_Melon/Melon/Tools/OrganelleCycler/.snakemake/conda/ceb11391669142f0221279cb9373c715_/bin/ovStoreConfig \
     -S ../assembly.seqStore \
     -M 3 \
     -L ./1-overlapper/ovljob.files \
     -create ./assembly.ovlStore.config \
     > ./assembly.ovlStore.config.txt \
    2> ./assembly.ovlStore.config.err

-- Finished on Tue Dec  2 09:17:01 2025 (like a bat out of hell) with 6258.56 GB free disk space
----------------------------------------
--
-- Creating overlap store trimming/assembly.ovlStore using:
--      1 bucket
--      1 slice
--        using at most 1 GB memory each
--
-- Running jobs.  First attempt out of 2.
----------------------------------------
-- Starting 'ovS' concurrent execution on Tue Dec  2 09:17:01 2025 with 6258.56 GB free disk space (1 processes; 8 concurrently)

    cd trimming
    ./assembly.ovlStore.sh 1 > ./assembly.ovlStore.000001.out 2>&1

-- Finished on Tue Dec  2 09:17:01 2025 (like a bat out of hell) with 6258.559 GB free disk space
----------------------------------------
-- Checking store.
----------------------------------------
-- Starting command on Tue Dec  2 09:17:01 2025 with 6258.559 GB free disk space

    cd trimming
    /data/4.UGM/20231201_Melon/Melon/Tools/OrganelleCycler/.snakemake/conda/ceb11391669142f0221279cb9373c715_/bin/ovStoreDump \
     -S ../assembly.seqStore \
     -O  ./assembly.ovlStore \
     -counts \
     > ./assembly.ovlStore/counts.dat 2> ./assembly.ovlStore/counts.err

-- Finished on Tue Dec  2 09:17:01 2025 (furiously fast) with 6258.559 GB free disk space
----------------------------------------
--
-- Overlap store 'trimming/assembly.ovlStore' successfully constructed.
-- Found 14190 overlaps for 1019 reads; 881 reads have no overlaps.
--
--
-- Purged 0 GB in 3 overlap output files.
-- Finished stage 'obt-createOverlapStore', reset canuIteration.
----------------------------------------
-- Starting command on Tue Dec  2 09:17:01 2025 with 6258.56 GB free disk space

    cd trimming/3-overlapbasedtrimming
    /data/4.UGM/20231201_Melon/Melon/Tools/OrganelleCycler/.snakemake/conda/ceb11391669142f0221279cb9373c715_/bin/trimReads \
      -S  ../../assembly.seqStore \
      -O  ../assembly.ovlStore \
      -Co ./assembly.1.trimReads.clear \
      -e  0.12 \
      -minlength 1000 \
      -ol 500 \
      -oc 2 \
      -o  ./assembly.1.trimReads \
    >     ./assembly.1.trimReads.err 2>&1

-- Finished on Tue Dec  2 09:17:01 2025 (like a bat out of hell) with 6258.559 GB free disk space
----------------------------------------
--  PARAMETERS:
--  ----------
--     1000    (reads trimmed below this many bases are deleted)
--   0.1200    (use overlaps at or below this fraction error)
--      500    (break region if overlap is less than this long, for 'largest covered' algorithm)
--        2    (break region if overlap coverage is less than this many reads, for 'largest covered' algorithm)
--  
--  INPUT READS:
--  -----------
--    1900 reads      2768601 bases (reads processed)
--       0 reads            0 bases (reads not processed, previously deleted)
--       0 reads            0 bases (reads not processed, in a library where trimming isn't allowed)
--  
--  OUTPUT READS:
--  ------------
--     354 reads       952138 bases (trimmed reads output)
--     655 reads      1764776 bases (reads with no change, kept as is)
--     881 reads            0 bases (reads with no overlaps, deleted)
--      10 reads        12959 bases (reads with short trimmed length, deleted)
--  
--  TRIMMING DETAILS:
--  ----------------
--     234 reads        18056 bases (bases trimmed from the 5' end of a read)
--     169 reads        20672 bases (bases trimmed from the 3' end of a read)
-- Finished stage 'obt-trimReads', reset canuIteration.
----------------------------------------
-- Starting command on Tue Dec  2 09:17:01 2025 with 6258.559 GB free disk space

    cd trimming/3-overlapbasedtrimming
    /data/4.UGM/20231201_Melon/Melon/Tools/OrganelleCycler/.snakemake/conda/ceb11391669142f0221279cb9373c715_/bin/splitReads \
      -S  ../../assembly.seqStore \
      -O  ../assembly.ovlStore \
      -Ci ./assembly.1.trimReads.clear \
      -Co ./assembly.2.splitReads.clear \
      -e  0.12 \
      -minlength 1000 \
      -o  ./assembly.2.splitReads \
    >     ./assembly.2.splitReads.err 2>&1

-- Finished on Tue Dec  2 09:17:01 2025 (fast as lightning) with 6258.559 GB free disk space
----------------------------------------
--  PARAMETERS:
--  ----------
--     1000    (reads trimmed below this many bases are deleted)
--   0.1200    (use overlaps at or below this fraction error)
--  INPUT READS:
--  -----------
--    1009 reads      2755642 bases (reads processed)
--     891 reads        12959 bases (reads not processed, previously deleted)
--       0 reads            0 bases (reads not processed, in a library where trimming isn't allowed)
--  
--  PROCESSED:
--  --------
--       0 reads            0 bases (no overlaps)
--       0 reads            0 bases (no coverage after adjusting for trimming done already)
--       0 reads            0 bases (processed for chimera)
--       0 reads            0 bases (processed for spur)
--    1009 reads      2755642 bases (processed for subreads)
--  
--  READS WITH SIGNALS:
--  ------------------
--       0 reads            0 signals (number of 5' spur signal)
--       0 reads            0 signals (number of 3' spur signal)
--       0 reads            0 signals (number of chimera signal)
--       0 reads            0 signals (number of subread signal)
--  
--  SIGNALS:
--  -------
--       0 reads            0 bases (size of 5' spur signal)
--       0 reads            0 bases (size of 3' spur signal)
--       0 reads            0 bases (size of chimera signal)
--       0 reads            0 bases (size of subread signal)
--  
--  TRIMMING:
--  --------
--       0 reads            0 bases (trimmed from the 5' end of the read)
--       0 reads            0 bases (trimmed from the 3' end of the read)
-- Finished stage 'obt-splitReads', reset canuIteration.
----------------------------------------
-- Starting command on Tue Dec  2 09:17:01 2025 with 6258.559 GB free disk space

    cd trimming/3-overlapbasedtrimming
    /data/4.UGM/20231201_Melon/Melon/Tools/OrganelleCycler/.snakemake/conda/ceb11391669142f0221279cb9373c715_/bin/loadTrimmedReads \
      -S ../../assembly.seqStore \
      -c ./assembly.2.splitReads.clear \
    > ./assembly.loadTrimmedReads.err 2>&1

-- Finished on Tue Dec  2 09:17:01 2025 (in the blink of an eye) with 6258.559 GB free disk space
----------------------------------------
--
-- In sequence store './assembly.seqStore':
--   Found 1009 reads.
--   Found 2716914 bases (18.11 times coverage).
--    Histogram of corrected-trimmed reads:
--    
--    G=2716914                          sum of  ||               length     num
--    NG         length     index       lengths  ||                range    seqs
--    ----- ------------ --------- ------------  ||  ------------------- -------
--    00010         5866        40       271889  ||       1000-1213           48|------------------------------
--    00020         4676        92       544985  ||       1214-1427           83|---------------------------------------------------
--    00030         3883       157       817779  ||       1428-1641           80|-------------------------------------------------
--    00040         3381       232      1089640  ||       1642-1855          104|---------------------------------------------------------------
--    00050         2961       318      1359657  ||       1856-2069           89|------------------------------------------------------
--    00060         2639       415      1632678  ||       2070-2283           73|---------------------------------------------
--    00070         2299       526      1903985  ||       2284-2497           83|---------------------------------------------------
--    00080         1955       654      2174728  ||       2498-2711           55|----------------------------------
--    00090         1615       807      2446149  ||       2712-2925           61|-------------------------------------
--    00100         1000      1009      2716914  ||       2926-3139           63|---------------------------------------
--    001.000x                1009      2716914  ||       3140-3353           35|----------------------
--                                               ||       3354-3567           32|--------------------
--                                               ||       3568-3781           32|--------------------
--                                               ||       3782-3995           36|----------------------
--                                               ||       3996-4209           14|---------
--                                               ||       4210-4423           14|---------
--                                               ||       4424-4637           12|--------
--                                               ||       4638-4851            9|------
--                                               ||       4852-5065            9|------
--                                               ||       5066-5279           12|--------
--                                               ||       5280-5493           12|--------
--                                               ||       5494-5707            8|-----
--                                               ||       5708-5921            9|------
--                                               ||       5922-6135            8|-----
--                                               ||       6136-6349            7|-----
--                                               ||       6350-6563            2|--
--                                               ||       6564-6777            1|-
--                                               ||       6778-6991            7|-----
--                                               ||       6992-7205            2|--
--                                               ||       7206-7419            1|-
--                                               ||       7420-7633            0|
--                                               ||       7634-7847            2|--
--                                               ||       7848-8061            1|-
--                                               ||       8062-8275            1|-
--                                               ||       8276-8489            1|-
--                                               ||       8490-8703            0|
--                                               ||       8704-8917            1|-
--                                               ||       8918-9131            1|-
--                                               ||       9132-9345            0|
--                                               ||       9346-9559            1|-
--    
--
-- No trimmed reads generated, overlaps used for trimming saved.
-- Finished stage 'obt-dumpReads', reset canuIteration.
----------------------------------------
-- Starting command on Tue Dec  2 09:17:02 2025 with 6258.559 GB free disk space

    cd .
    /data/4.UGM/20231201_Melon/Melon/Tools/OrganelleCycler/.snakemake/conda/ceb11391669142f0221279cb9373c715_/bin/sqStoreDumpFASTQ \
      -trimmed \
      -S ./assembly.seqStore \
      -o ./assembly.trimmedReads.gz \
      -fasta \
      -trimmed -normal -nolibname \
    > ./assembly.trimmedReads.fasta.err 2>&1

-- Finished on Tue Dec  2 09:17:02 2025 (lickety-split) with 6258.558 GB free disk space
----------------------------------------
--
-- Trimmed reads saved in 'assembly.trimmedReads.fasta.gz'.
-- Finished stage 'cor-dumpTrimmedReads', reset canuIteration.
--
-- BEGIN ASSEMBLY
----------------------------------------
-- Starting command on Tue Dec  2 09:17:02 2025 with 6258.558 GB free disk space

    cd unitigging/0-mercounts
    ./meryl-configure.sh \
    > ./meryl-configure.err 2>&1

-- Finished on Tue Dec  2 09:17:02 2025 (fast as lightning) with 6258.558 GB free disk space
----------------------------------------
--  segments   memory batches
--  -------- -------- -------
--        01  0.01 GB       2
--        02  -.-- GB       -  (segment size too small)
--        04  -.-- GB       -  (segment size too small)
--        06  -.-- GB       -  (segment size too small)
--        08  -.-- GB       -  (segment size too small)
--        12  -.-- GB       -  (segment size too small)
--        16  -.-- GB       -  (segment size too small)
--        20  -.-- GB       -  (segment size too small)
--        24  -.-- GB       -  (segment size too small)
--        32  -.-- GB       -  (segment size too small)
--        40  -.-- GB       -  (segment size too small)
--        48  -.-- GB       -  (segment size too small)
--        56  -.-- GB       -  (segment size too small)
--        64  -.-- GB       -  (segment size too small)
--        96  -.-- GB       -  (segment size too small)
--
--  For 1009 reads with 2716914 bases, limit to 1 batch.
--  Will count kmers using 01 jobs, each using 2 GB and 4 threads.
--
-- Finished stage 'merylConfigure', reset canuIteration.
--
-- Running jobs.  First attempt out of 2.
----------------------------------------
-- Starting 'meryl' concurrent execution on Tue Dec  2 09:17:02 2025 with 6258.558 GB free disk space (1 processes; 2 concurrently)

    cd unitigging/0-mercounts
    ./meryl-count.sh 1 > ./meryl-count.000001.out 2>&1

-- Finished on Tue Dec  2 09:17:03 2025 (one second) with 6258.555 GB free disk space
----------------------------------------
-- Found 1 Kmer counting (meryl) outputs.
-- Finished stage 'utg-merylCountCheck', reset canuIteration.
--
-- Running jobs.  First attempt out of 2.
----------------------------------------
-- Starting 'meryl' concurrent execution on Tue Dec  2 09:17:03 2025 with 6258.555 GB free disk space (1 processes; 2 concurrently)

    cd unitigging/0-mercounts
    ./meryl-process.sh 1 > ./meryl-process.000001.out 2>&1

-- Finished on Tue Dec  2 09:17:04 2025 (one second) with 6258.555 GB free disk space
----------------------------------------
-- Meryl finished successfully.  Kmer frequency histogram:
--
--  22-mers                                                                                           Fraction
--    Occurrences   NumMers                                                                         Unique Total
--       1-     1         0                                                                        0.0000 0.0000
--       2-     2     11801 *****                                                                  0.0346 0.0088
--       3-     4     33678 **************                                                         0.0921 0.0308
--       5-     7    164792 ********************************************************************** 0.3602 0.1963
--       8-    11     84624 ***********************************                                    0.7104 0.5020
--      12-    16     26461 ***********                                                            0.8867 0.7288
--      17-    22     14355 ******                                                                 0.9515 0.8488
--      23-    29      2626 *                                                                      0.9856 0.9344
--      30-    37      1321                                                                        0.9922 0.9563
--      38-    46       437                                                                        0.9957 0.9718
--      47-    56      1034                                                                        0.9970 0.9792
--      57-    67         0                                                                        0.0000 0.0000
--      68-    79        21                                                                        0.9999 0.9991
--      80-    92         0                                                                        0.0000 0.0000
--      93-   106         0                                                                        0.0000 0.0000
--     107-   121         4                                                                        1.0000 0.9996
--     122-   137         5                                                                        1.0000 0.9999
--
--           0 (max occurrences)
--     2677785 (total mers, non-unique)
--      341159 (distinct mers, non-unique)
--           0 (unique mers)
-- Finished stage 'meryl-process', reset canuIteration.
--
-- Removing meryl database 'unitigging/0-mercounts/assembly.ms22'.
--
-- OVERLAPPER (normal) (assembly) erate=0.12
--
----------------------------------------
-- Starting command on Tue Dec  2 09:17:04 2025 with 6258.558 GB free disk space

    cd unitigging/1-overlapper
    /data/4.UGM/20231201_Melon/Melon/Tools/OrganelleCycler/.snakemake/conda/ceb11391669142f0221279cb9373c715_/bin/overlapInCorePartition \
     -S  ../../assembly.seqStore \
     -hl 80000000 \
     -rl 1000000000 \
     -ol 500 \
     -o  ./assembly.partition \
    > ./assembly.partition.err 2>&1

-- Finished on Tue Dec  2 09:17:04 2025 (in the blink of an eye) with 6258.558 GB free disk space
----------------------------------------
--
-- Configured 1 overlapInCore jobs.
-- Finished stage 'utg-overlapConfigure', reset canuIteration.
--
-- Running jobs.  First attempt out of 2.
----------------------------------------
-- Starting 'utgovl' concurrent execution on Tue Dec  2 09:17:04 2025 with 6258.558 GB free disk space (1 processes; 1 concurrently)

    cd unitigging/1-overlapper
    ./overlap.sh 1 > ./overlap.000001.out 2>&1

-- Finished on Tue Dec  2 09:17:06 2025 (2 seconds) with 6258.558 GB free disk space
----------------------------------------
-- Found 1 overlapInCore output files.
--
-- overlapInCore compute 'unitigging/1-overlapper':
--   kmer hits
--     with no overlap             3023        3023 +- 0
--     with an overlap             6809        6809 +- 0
--
--   overlaps                      6809        6809 +- 0
--     contained                   3273        3273 +- 0
--     dovetail                    3536        3536 +- 0
--
--   overlaps rejected
--     multiple per pair              0           0 +- 0
--     bad short window               0           0 +- 0
--     bad long window                0           0 +- 0
-- Finished stage 'utg-overlapCheck', reset canuIteration.
----------------------------------------
-- Starting command on Tue Dec  2 09:17:06 2025 with 6258.558 GB free disk space

    cd unitigging
    /data/4.UGM/20231201_Melon/Melon/Tools/OrganelleCycler/.snakemake/conda/ceb11391669142f0221279cb9373c715_/bin/ovStoreConfig \
     -S ../assembly.seqStore \
     -M 3 \
     -L ./1-overlapper/ovljob.files \
     -create ./assembly.ovlStore.config \
     > ./assembly.ovlStore.config.txt \
    2> ./assembly.ovlStore.config.err

-- Finished on Tue Dec  2 09:17:06 2025 (like a bat out of hell) with 6258.558 GB free disk space
----------------------------------------
--
-- Creating overlap store unitigging/assembly.ovlStore using:
--      1 bucket
--      1 slice
--        using at most 1 GB memory each
--
-- Running jobs.  First attempt out of 2.
----------------------------------------
-- Starting 'ovS' concurrent execution on Tue Dec  2 09:17:06 2025 with 6258.558 GB free disk space (1 processes; 8 concurrently)

    cd unitigging
    ./assembly.ovlStore.sh 1 > ./assembly.ovlStore.000001.out 2>&1

-- Finished on Tue Dec  2 09:17:06 2025 (furiously fast) with 6258.558 GB free disk space
----------------------------------------
-- Checking store.
----------------------------------------
-- Starting command on Tue Dec  2 09:17:06 2025 with 6258.558 GB free disk space

    cd unitigging
    /data/4.UGM/20231201_Melon/Melon/Tools/OrganelleCycler/.snakemake/conda/ceb11391669142f0221279cb9373c715_/bin/ovStoreDump \
     -S ../assembly.seqStore \
     -O  ./assembly.ovlStore \
     -counts \
     > ./assembly.ovlStore/counts.dat 2> ./assembly.ovlStore/counts.err

-- Finished on Tue Dec  2 09:17:06 2025 (furiously fast) with 6258.558 GB free disk space
----------------------------------------
--
-- Overlap store 'unitigging/assembly.ovlStore' successfully constructed.
-- Found 13618 overlaps for 1009 reads; 891 reads have no overlaps.
--
--
-- Purged 0 GB in 3 overlap output files.
----------------------------------------
-- Starting command on Tue Dec  2 09:17:06 2025 with 6258.558 GB free disk space

    cd unitigging
    /data/4.UGM/20231201_Melon/Melon/Tools/OrganelleCycler/.snakemake/conda/ceb11391669142f0221279cb9373c715_/bin/ovStoreStats \
     -C 18.11 \
     -S ../assembly.seqStore \
     -O  ./assembly.ovlStore \
     -o  ./assembly.ovlStore \
     > ./assembly.ovlStore.summary.err 2>&1

-- Finished on Tue Dec  2 09:17:06 2025 (like a bat out of hell) with 6258.558 GB free disk space
----------------------------------------
--
-- Overlap store 'unitigging/assembly.ovlStore' contains:
--
--   category            reads     %          read length        feature size or coverage  analysis
--   ----------------  -------  -------  ----------------------  ------------------------  --------------------
--   middle-missing          0    0.00        0.00 +- 0.00             0.00 +- 0.00       (bad trimming)
--   middle-hump            32    3.17     3542.50 +- 1716.06          3.12 +- 13.83      (bad trimming)
--   no-5-prime             38    3.77     3833.68 +- 1831.51          5.37 +- 29.81      (bad trimming)
--   no-3-prime             24    2.38     3788.83 +- 2022.67          0.92 +- 3.13       (bad trimming)
--   
--   low-coverage          242   23.98     1874.81 +- 649.19           4.52 +- 1.00       (easy to assemble, potential for lower quality consensus)
--   unique                123   12.19     2347.41 +- 857.43          14.20 +- 4.67       (easy to assemble, perfect, yay)
--   repeat-cont             5    0.50     1348.00 +- 58.29           49.85 +- 5.08       (potential for consensus errors, no impact on assembly)
--   repeat-dove             0    0.00        0.00 +- 0.00             0.00 +- 0.00       (hard to assemble, likely won't assemble correctly or even at all)
--   
--   span-repeat           175   17.34     3345.93 +- 1467.71       1857.37 +- 1301.74    (read spans a large repeat, usually easy to assemble)
--   uniq-repeat-cont      363   35.98     2761.42 +- 1257.95                             (should be uniquely placed, low potential for consensus errors, no impact on assembly)
--   uniq-repeat-dove        7    0.69     4261.86 +- 1968.91                             (will end contigs, potential to misassemble)
--   uniq-anchor             0    0.00        0.00 +- 0.00             0.00 +- 0.00       (repeat read, with unique section, probable bad read)
-- Finished stage 'utg-createOverlapStore', reset canuIteration.
--
-- Loading read lengths.
-- Loading number of overlaps per read.
--
-- Configure RED for 16gb memory.
--                   Batches of at most (unlimited) reads.
--                                      500000000 bases.
--                   Expecting evidence of at most 536870912 bases per iteration.
--
--           Total                                               Reads                 Olaps Evidence
--    Job   Memory      Read Range         Reads        Bases   Memory        Olaps   Memory   Memory  (Memory in MB)
--   ---- -------- ------------------- --------- ------------ -------- ------------ -------- --------
--      1  3405.42         1-1900           1019      2729873   333.27        13618     0.16  1024.00
--   ---- -------- ------------------- --------- ------------ -------- ------------ -------- --------
--                                                    2729873                 13618
-- Finished stage 'readErrorDetectionConfigure', reset canuIteration.
--
-- Running jobs.  First attempt out of 2.
----------------------------------------
-- Starting 'red' concurrent execution on Tue Dec  2 09:17:06 2025 with 6258.558 GB free disk space (1 processes; 2 concurrently)

    cd unitigging/3-overlapErrorAdjustment
    ./red.sh 1 > ./red.000001.out 2>&1

-- Finished on Tue Dec  2 09:17:06 2025 (fast as lightning) with 6258.558 GB free disk space
----------------------------------------
-- Found 1 read error detection output files.
-- Finished stage 'readErrorDetectionCheck', reset canuIteration.
--
-- Loading read lengths.
-- Loading number of overlaps per read.
--
-- Configure OEA for 8gb memory.
--                   Batches of at most (unlimited) reads.
--                                      300000000 bases.
--
--           Total                                               Reads                 Olaps  Adjusts
--    Job   Memory      Read Range         Reads        Bases   Memory        Olaps   Memory   Memory  (Memory in MB)
--   ---- -------- ------------------- --------- ------------ -------- ------------ -------- --------
--      1  2379.13         1-1900           1019      2729873    10.63        13618     0.42   320.08
--   ---- -------- ------------------- --------- ------------ -------- ------------ -------- --------
--                                                    2729873                 13618
-- Finished stage 'overlapErrorAdjustmentConfigure', reset canuIteration.
--
-- Running jobs.  First attempt out of 2.
----------------------------------------
-- Starting 'oea' concurrent execution on Tue Dec  2 09:17:06 2025 with 6258.558 GB free disk space (1 processes; 8 concurrently)

    cd unitigging/3-overlapErrorAdjustment
    ./oea.sh 1 > ./oea.000001.out 2>&1

-- Finished on Tue Dec  2 09:17:07 2025 (one second) with 6258.558 GB free disk space
----------------------------------------
-- Found 1 overlap error adjustment output files.
-- Finished stage 'overlapErrorAdjustmentCheck', reset canuIteration.
----------------------------------------
-- Starting command on Tue Dec  2 09:17:07 2025 with 6258.558 GB free disk space

    cd unitigging/3-overlapErrorAdjustment
    /data/4.UGM/20231201_Melon/Melon/Tools/OrganelleCycler/.snakemake/conda/ceb11391669142f0221279cb9373c715_/bin/loadErates \
      -S ../../assembly.seqStore \
      -O ../assembly.ovlStore \
      -L ./oea.files \
    > ./oea.apply.err 2>&1

-- Finished on Tue Dec  2 09:17:07 2025 (fast as lightning) with 6258.558 GB free disk space
----------------------------------------
-- No report available.
-- Finished stage 'updateOverlapStore', reset canuIteration.
-- Finished stage 'unitig', reset canuIteration.
--
-- Running jobs.  First attempt out of 2.
----------------------------------------
-- Starting 'bat' concurrent execution on Tue Dec  2 09:17:07 2025 with 6258.558 GB free disk space (1 processes; 1 concurrently)

    cd unitigging/4-unitigger
    ./unitigger.sh 1 > ./unitigger.000001.out 2>&1

-- Finished on Tue Dec  2 09:17:08 2025 (one second) with 6258.557 GB free disk space
----------------------------------------
-- Unitigger finished successfully.
--  
--  ERROR RATES
--  -----------
--                                                   --------threshold------
--  1024                         fraction error      fraction        percent
--  samples                              (1e-5)         error          error
--                   --------------------------      --------       --------
--  command line (-eg)                           ->  12000.00       12.0000%
--  command line (-ef)                           ->  -----.--      ---.----%
--  command line (-eM)                           ->  12000.00       12.0000%
--  mean + std.dev      54.19 +-  12 *   174.78  ->   2151.58        2.1516%  (enabled)
--  median + mad         0.00 +-  12 *     0.00  ->      0.00        0.0000%
--  90th percentile                              ->    137.00        0.1370%
--  
--  BEST EDGE FILTERING
--  -------------------
--  At graph threshold 12.0000%, reads:
--    available to have edges:          151
--    with at least one edge:            85
--  
--  At max threshold 12.0000%, reads:
--    available to have edges:          151
--    with at least one edge:            85
--  
--  At tight threshold 0.1370%, reads with:
--    both edges below error threshold:        50  (80.00% minReadsBest threshold = 68)
--    one  edge  above error threshold:        34
--    both edges above error threshold:         1
--    at least one edge:                       85
--  
--  At loose threshold 2.1516%, reads with:
--    both edges below error threshold:        85  (80.00% minReadsBest threshold = 68)
--    one  edge  above error threshold:         0
--    both edges above error threshold:         0
--    at least one edge:                       85
--  
--  
--  INITIAL EDGES
--  -------- ----------------------------------------
--       641 reads are contained
--      1088 reads have no best edges (singleton)
--       121 reads have only one best edge (spur) 
--                119 are mutual best
--        50 reads have two best edges 
--                  1 have one mutual best edge
--                 49 have two mutual best edges
--  
--  
--  FINAL EDGES
--  -------- ----------------------------------------
--       641 reads are contained
--      1089 reads have no best edges (singleton)
--       120 reads have only one best edge (spur) 
--                119 are mutual best
--        50 reads have two best edges 
--                  1 have one mutual best edge
--                 49 have two mutual best edges
--  
--  
--  EDGE FILTERING
--  -------- ------------------------------------------
--         0 reads are ignored
--       153 reads have a gap in overlap coverage
--         0 reads have lopsided best edges
-- Found, in version 1, after unitig construction:
--   contigs:      28 sequences, total length 127320 bp (including 0 repeats of total length 0 bp).
--   bubbles:      0 sequences, total length 0 bp.
--   unassembled:  590 sequences, total length 1493770 bp.
--
-- Contig sizes based on genome size 150kbp:
--
--            NG (bp)  LG (contigs)    sum (bp)
--         ----------  ------------  ----------
--     10        8495             2       17388
--     20        7162             4       31808
--     30        7023             6       45973
--     40        5485             9       64149
--     50        4876            12       79423
--     60        3804            15       91765
--     70        3070            19      105563
--     80        2456            25      121064
--
-- Finished stage 'unitigCheck', reset canuIteration.
----------------------------------------
-- Starting command on Tue Dec  2 09:17:08 2025 with 6258.557 GB free disk space

    cd unitigging
    /data/4.UGM/20231201_Melon/Melon/Tools/OrganelleCycler/.snakemake/conda/ceb11391669142f0221279cb9373c715_/bin/utgcns \
      -S ../assembly.seqStore \
      -T  ./assembly.ctgStore 1 \
      -partition 0.8 1 0.1 \
    > ./assembly.ctgStore/partitioning.log 2>&1

-- Finished on Tue Dec  2 09:17:08 2025 (in the blink of an eye) with 6258.555 GB free disk space
----------------------------------------
-- Using slow alignment for consensus (iteration '0').
-- Configured 21 consensus jobs.
-- Finished stage 'consensusConfigure', reset canuIteration.
--
-- Local: cns        0.500 GB    4 CPUs x   2 jobs     1.000 GB   8 CPUs  (consensus)
--
--
-- Running jobs.  First attempt out of 2.
----------------------------------------
-- Starting 'cns' concurrent execution on Tue Dec  2 09:17:08 2025 with 6258.555 GB free disk space (21 processes; 2 concurrently)

    cd unitigging/5-consensus
    ./consensus.sh 1 > ./consensus.000001.out 2>&1
    ./consensus.sh 2 > ./consensus.000002.out 2>&1
    ./consensus.sh 3 > ./consensus.000003.out 2>&1
    ./consensus.sh 4 > ./consensus.000004.out 2>&1
    ./consensus.sh 5 > ./consensus.000005.out 2>&1
    ./consensus.sh 6 > ./consensus.000006.out 2>&1
    ./consensus.sh 7 > ./consensus.000007.out 2>&1
    ./consensus.sh 8 > ./consensus.000008.out 2>&1
    ./consensus.sh 9 > ./consensus.000009.out 2>&1
    ./consensus.sh 10 > ./consensus.000010.out 2>&1
    ./consensus.sh 11 > ./consensus.000011.out 2>&1
    ./consensus.sh 12 > ./consensus.000012.out 2>&1
    ./consensus.sh 13 > ./consensus.000013.out 2>&1
    ./consensus.sh 14 > ./consensus.000014.out 2>&1
    ./consensus.sh 15 > ./consensus.000015.out 2>&1
    ./consensus.sh 16 > ./consensus.000016.out 2>&1
    ./consensus.sh 17 > ./consensus.000017.out 2>&1
    ./consensus.sh 18 > ./consensus.000018.out 2>&1
    ./consensus.sh 19 > ./consensus.000019.out 2>&1
    ./consensus.sh 20 > ./consensus.000020.out 2>&1
    ./consensus.sh 21 > ./consensus.000021.out 2>&1

-- Finished on Tue Dec  2 09:17:09 2025 (one second) with 6258.552 GB free disk space
----------------------------------------
-- Using slow alignment for consensus (iteration '1').
-- Configured 21 consensus jobs.
-- All 21 consensus jobs finished successfully.
-- Finished stage 'consensusCheck', reset canuIteration.
-- Using slow alignment for consensus (iteration '0').
-- Configured 21 consensus jobs.
----------------------------------------
-- Starting command on Tue Dec  2 09:17:09 2025 with 6258.552 GB free disk space

    cd unitigging
    /data/4.UGM/20231201_Melon/Melon/Tools/OrganelleCycler/.snakemake/conda/ceb11391669142f0221279cb9373c715_/bin/tgStoreLoad \
      -S ../assembly.seqStore \
      -T  ./assembly.ctgStore 2 \
      -L ./5-consensus/ctgcns.files \
    > ./5-consensus/ctgcns.files.ctgStoreLoad.err 2>&1

-- Finished on Tue Dec  2 09:17:09 2025 (lickety-split) with 6258.549 GB free disk space
----------------------------------------
----------------------------------------
-- Starting command on Tue Dec  2 09:17:09 2025 with 6258.549 GB free disk space

    cd unitigging
    /data/4.UGM/20231201_Melon/Melon/Tools/OrganelleCycler/.snakemake/conda/ceb11391669142f0221279cb9373c715_/bin/tgTigDisplay \
      -S ../assembly.seqStore \
      -b \
      -o ../assembly.contigs.unsorted.bam \
      -L ./5-consensus/ctgcns.files \
    > ./5-consensus/ctgcns.files.contigs.bam.err 2>&1

-- Finished on Tue Dec  2 09:17:09 2025 (in the blink of an eye) with 6258.548 GB free disk space
----------------------------------------
----------------------------------------
-- Starting command on Tue Dec  2 09:17:09 2025 with 6258.548 GB free disk space

    cd .
    samtools sort \
      --write-index \
      --threads 2 \
      -o ./assembly.contigs.bam ./assembly.contigs.unsorted.bam \
    > ./ctgcns.bam.err 2>&1

-- Finished on Tue Dec  2 09:17:10 2025 (one second) with 6258.548 GB free disk space
----------------------------------------
-- Purging consensus output after loading to ctgStore.
-- Purged 21 .cns outputs.
----------------------------------------
-- Starting command on Tue Dec  2 09:17:10 2025 with 6258.552 GB free disk space

    cd unitigging
    /data/4.UGM/20231201_Melon/Melon/Tools/OrganelleCycler/.snakemake/conda/ceb11391669142f0221279cb9373c715_/bin/tgStoreDump \
      -S ../assembly.seqStore \
      -T ./assembly.ctgStore 2 \
      -sizes -s 150000 \
    > ./assembly.ctgStore/seqDB.v002.sizes.txt

-- Finished on Tue Dec  2 09:17:10 2025 (like a bat out of hell) with 6258.552 GB free disk space
----------------------------------------
-- Found, in version 2, after consensus generation:
--   contigs:      28 sequences, total length 127083 bp (including 0 repeats of total length 0 bp).
--   bubbles:      0 sequences, total length 0 bp.
--   unassembled:  590 sequences, total length 1493770 bp.
--
-- Contig sizes based on genome size 150kbp:
--
--            NG (bp)  LG (contigs)    sum (bp)
--         ----------  ------------  ----------
--     10        8488             2       17375
--     20        7168             4       31755
--     30        6996             6       45861
--     40        5481             9       63979
--     50        4859            12       79233
--     60        3803            15       91570
--     70        3069            19      105351
--     80        2451            25      120833
--
-- Finished stage 'consensusLoad', reset canuIteration.
----------------------------------------
-- Starting command on Tue Dec  2 09:17:10 2025 with 6258.552 GB free disk space

    cd .
    /data/4.UGM/20231201_Melon/Melon/Tools/OrganelleCycler/.snakemake/conda/ceb11391669142f0221279cb9373c715_/bin/tgStoreDump \
      -S ./assembly.seqStore \
      -T ./unitigging/assembly.ctgStore 2 \
      -o ./assembly.contigs \
      -layout \
    > ./assembly.contigs.layout.err 2>&1

-- Finished on Tue Dec  2 09:17:10 2025 (furiously fast) with 6258.552 GB free disk space
----------------------------------------
----------------------------------------
-- Starting command on Tue Dec  2 09:17:10 2025 with 6258.552 GB free disk space

    cd .
    /data/4.UGM/20231201_Melon/Melon/Tools/OrganelleCycler/.snakemake/conda/ceb11391669142f0221279cb9373c715_/bin/tgStoreDump \
      -S ./assembly.seqStore \
      -T ./unitigging/assembly.ctgStore 2 \
      -consensus -fasta \
      -unassembled \
    > ./assembly.unassembled.fasta
    2> ./assembly.unassembled.err

-- Finished on Tue Dec  2 09:17:10 2025 (like a bat out of hell) with 6258.55 GB free disk space
----------------------------------------
----------------------------------------
-- Starting command on Tue Dec  2 09:17:10 2025 with 6258.55 GB free disk space

    cd .
    /data/4.UGM/20231201_Melon/Melon/Tools/OrganelleCycler/.snakemake/conda/ceb11391669142f0221279cb9373c715_/bin/tgStoreDump \
      -S ./assembly.seqStore \
      -T ./unitigging/assembly.ctgStore 2 \
      -consensus -fasta \
      -contigs \
    > ./assembly.contigs.fasta
    2> ./assembly.contigs.err

-- Finished on Tue Dec  2 09:17:10 2025 (furiously fast) with 6258.55 GB free disk space
----------------------------------------
-- Finished stage 'generateOutputs', reset canuIteration.
--
-- Assembly 'assembly' finished in '/data/4.UGM/20231201_Melon/Melon/Tools/OrganelleCycler/results/sample_01/04_assemblies/canu'.
--
-- Summary saved in 'assembly.report'.
--
-- Sequences saved:
--   Contigs       -> 'assembly.contigs.fasta'
--   Unassembled   -> 'assembly.unassembled.fasta'
--
-- Read layouts saved:
--   Contigs       -> 'assembly.contigs.layout'.
--
-- Bye.
Waiting at most 5 seconds for missing files:
results/sample_01/04_assemblies/canu/assembly.contigs.gfa (missing locally)
MissingOutputException in rule assemble_canu in file "/data/4.UGM/20231201_Melon/Melon/Tools/OrganelleCycler/Snakefile", line 206:
Job 12  completed successfully, but some output files are missing. Missing files after 5 seconds. This might be due to filesystem latency. If that is the case, consider to increase the wait time with --latency-wait:
results/sample_01/04_assemblies/canu/assembly.contigs.gfa (missing locally, parent dir contents: assembly.contigs.bam, correction, unitigging, assembly.contigs.bam.csi, assembly.correctedReads.fasta.gz, assembly.seqStore, trimming, assembly.contigs.layout.readToTig, assembly.trimmedReads.fasta.gz, canu-logs, assembly.report, assembly.seqStore.sh, assembly.seqStore.err, assembly.contigs.fasta, canu-scripts, assembly.contigs.layout.tigInfo, assembly.unassembled.fasta)
Removing output files of failed job assemble_canu since they might be corrupted:
results/sample_01/04_assemblies/canu/assembly.contigs.fasta
Shutting down, this might take some time.
Exiting because a job execution failed. Look below for error messages
[Tue Dec  2 09:17:15 2025]
Error in rule assemble_canu:
    message: None
    jobid: 12
    input: results/sample_01/03_filtered_reads/recruited_reads.fastq
    output: results/sample_01/04_assemblies/canu/assembly.contigs.fasta, results/sample_01/04_assemblies/canu/assembly.contigs.gfa
    conda-env: /data/4.UGM/20231201_Melon/Melon/Tools/OrganelleCycler/.snakemake/conda/ceb11391669142f0221279cb9373c715_
    shell:
        canu -p assembly -d results/sample_01/04_assemblies/canu genomeSize=150k -nanopore results/sample_01/03_filtered_reads/recruited_reads.fastq maxThreads=8 useGrid=false stopOnLowCoverage=5 minInputCoverage=5
        (command exited with non-zero exit code)
Complete log(s): /data/4.UGM/20231201_Melon/Melon/Tools/OrganelleCycler/.snakemake/log/2025-12-02T091605.992332.snakemake.log
WorkflowError:
At least one job did not complete successfully.
